{"D:\\projects\\npm_project\\html-parser-react\\__test__\\testData\\html.data.js": {"path":"D:\\projects\\npm_project\\html-parser-react\\__test__\\testData\\html.data.js","statementMap":{},"fnMap":{},"branchMap":{},"s":{},"f":{},"b":{},"_coverageSchema":"1a1c01bbd47fc00a2c39e90264f33305004495a9","hash":"7ba817d94f160f0f7b1ce08224e50536324465e3"}
,"D:\\projects\\npm_project\\html-parser-react\\__test__\\testData\\props.data.js": {"path":"D:\\projects\\npm_project\\html-parser-react\\__test__\\testData\\props.data.js","statementMap":{"0":{"start":{"line":9,"column":21},"end":{"line":9,"column":30}},"1":{"start":{"line":12,"column":21},"end":{"line":12,"column":25}},"2":{"start":{"line":15,"column":21},"end":{"line":15,"column":66}}},"fnMap":{"0":{"name":"(anonymous_0)","decl":{"start":{"line":9,"column":15},"end":{"line":9,"column":16}},"loc":{"start":{"line":9,"column":21},"end":{"line":9,"column":30}},"line":9},"1":{"name":"(anonymous_1)","decl":{"start":{"line":12,"column":15},"end":{"line":12,"column":16}},"loc":{"start":{"line":12,"column":21},"end":{"line":12,"column":25}},"line":12},"2":{"name":"(anonymous_2)","decl":{"start":{"line":15,"column":15},"end":{"line":15,"column":16}},"loc":{"start":{"line":15,"column":21},"end":{"line":15,"column":66}},"line":15}},"branchMap":{},"s":{"0":2,"1":1,"2":1},"f":{"0":2,"1":1,"2":1},"b":{},"_coverageSchema":"1a1c01bbd47fc00a2c39e90264f33305004495a9","hash":"557962845ed464f781f1d41cd6b55cac50133fea"}
,"D:\\projects\\npm_project\\html-parser-react\\lib\\transformToHtmlElement.js": {"path":"D:\\projects\\npm_project\\html-parser-react\\lib\\transformToHtmlElement.js","statementMap":{"0":{"start":{"line":8,"column":19},"end":{"line":8,"column":55}},"1":{"start":{"line":9,"column":2},"end":{"line":12,"column":5}},"2":{"start":{"line":10,"column":16},"end":{"line":10,"column":45}},"3":{"start":{"line":11,"column":4},"end":{"line":11,"column":49}},"4":{"start":{"line":13,"column":14},"end":{"line":13,"column":43}},"5":{"start":{"line":14,"column":2},"end":{"line":14,"column":26}},"6":{"start":{"line":15,"column":2},"end":{"line":15,"column":24}}},"fnMap":{"0":{"name":"(anonymous_0)","decl":{"start":{"line":7,"column":15},"end":{"line":7,"column":16}},"loc":{"start":{"line":7,"column":39},"end":{"line":16,"column":1}},"line":7},"1":{"name":"(anonymous_1)","decl":{"start":{"line":9,"column":19},"end":{"line":9,"column":20}},"loc":{"start":{"line":9,"column":29},"end":{"line":12,"column":3}},"line":9}},"branchMap":{"0":{"loc":{"start":{"line":7,"column":25},"end":{"line":7,"column":34}},"type":"default-arg","locations":[{"start":{"line":7,"column":32},"end":{"line":7,"column":34}}],"line":7},"1":{"loc":{"start":{"line":8,"column":19},"end":{"line":8,"column":55}},"type":"binary-expr","locations":[{"start":{"line":8,"column":19},"end":{"line":8,"column":49}},{"start":{"line":8,"column":53},"end":{"line":8,"column":55}}],"line":8}},"s":{"0":11,"1":11,"2":4,"3":4,"4":11,"5":11,"6":11},"f":{"0":11,"1":4},"b":{"0":[9],"1":[11,9]},"_coverageSchema":"1a1c01bbd47fc00a2c39e90264f33305004495a9","hash":"2236a8405e21753b64de1c9f53508f4bcf2cc2ee"}
,"D:\\projects\\npm_project\\html-parser-react\\lib\\transformToReactElement.js": {"path":"D:\\projects\\npm_project\\html-parser-react\\lib\\transformToReactElement.js","statementMap":{"0":{"start":{"line":9,"column":19},"end":{"line":63,"column":1}},"1":{"start":{"line":10,"column":13},"end":{"line":10,"column":40}},"2":{"start":{"line":11,"column":17},"end":{"line":11,"column":19}},"3":{"start":{"line":12,"column":2},"end":{"line":55,"column":3}},"4":{"start":{"line":13,"column":4},"end":{"line":13,"column":34}},"5":{"start":{"line":14,"column":4},"end":{"line":14,"column":11}},"6":{"start":{"line":16,"column":22},"end":{"line":16,"column":49}},"7":{"start":{"line":17,"column":4},"end":{"line":54,"column":7}},"8":{"start":{"line":18,"column":32},"end":{"line":18,"column":36}},"9":{"start":{"line":19,"column":6},"end":{"line":52,"column":7}},"10":{"start":{"line":20,"column":23},"end":{"line":20,"column":25}},"11":{"start":{"line":21,"column":8},"end":{"line":42,"column":11}},"12":{"start":{"line":22,"column":10},"end":{"line":24,"column":11}},"13":{"start":{"line":23,"column":12},"end":{"line":23,"column":19}},"14":{"start":{"line":25,"column":25},"end":{"line":25,"column":47}},"15":{"start":{"line":26,"column":10},"end":{"line":26,"column":23}},"16":{"start":{"line":27,"column":29},"end":{"line":27,"column":45}},"17":{"start":{"line":28,"column":10},"end":{"line":30,"column":11}},"18":{"start":{"line":29,"column":12},"end":{"line":29,"column":72}},"19":{"start":{"line":32,"column":10},"end":{"line":36,"column":11}},"20":{"start":{"line":33,"column":12},"end":{"line":33,"column":36}},"21":{"start":{"line":35,"column":12},"end":{"line":35,"column":34}},"22":{"start":{"line":37,"column":10},"end":{"line":41,"column":11}},"23":{"start":{"line":38,"column":12},"end":{"line":38,"column":30}},"24":{"start":{"line":40,"column":12},"end":{"line":40,"column":36}},"25":{"start":{"line":43,"column":8},"end":{"line":43,"column":25}},"26":{"start":{"line":45,"column":27},"end":{"line":45,"column":49}},"27":{"start":{"line":46,"column":8},"end":{"line":51,"column":9}},"28":{"start":{"line":47,"column":23},"end":{"line":47,"column":41}},"29":{"start":{"line":48,"column":10},"end":{"line":48,"column":72}},"30":{"start":{"line":49,"column":10},"end":{"line":49,"column":37}},"31":{"start":{"line":50,"column":10},"end":{"line":50,"column":38}},"32":{"start":{"line":53,"column":6},"end":{"line":53,"column":31}},"33":{"start":{"line":56,"column":2},"end":{"line":56,"column":45}},"34":{"start":{"line":57,"column":2},"end":{"line":57,"column":79}},"35":{"start":{"line":58,"column":2},"end":{"line":62,"column":4}},"36":{"start":{"line":72,"column":32},"end":{"line":89,"column":1}},"37":{"start":{"line":73,"column":18},"end":{"line":73,"column":35}},"38":{"start":{"line":74,"column":2},"end":{"line":87,"column":5}},"39":{"start":{"line":75,"column":4},"end":{"line":86,"column":5}},"40":{"start":{"line":76,"column":18},"end":{"line":76,"column":47}},"41":{"start":{"line":77,"column":6},"end":{"line":83,"column":7}},"42":{"start":{"line":78,"column":8},"end":{"line":78,"column":15}},"43":{"start":{"line":79,"column":13},"end":{"line":83,"column":7}},"44":{"start":{"line":80,"column":8},"end":{"line":80,"column":43}},"45":{"start":{"line":82,"column":8},"end":{"line":82,"column":27}},"46":{"start":{"line":85,"column":6},"end":{"line":85,"column":41}},"47":{"start":{"line":88,"column":2},"end":{"line":88,"column":18}}},"fnMap":{"0":{"name":"(anonymous_0)","decl":{"start":{"line":9,"column":19},"end":{"line":9,"column":20}},"loc":{"start":{"line":9,"column":47},"end":{"line":63,"column":1}},"line":9},"1":{"name":"(anonymous_1)","decl":{"start":{"line":17,"column":22},"end":{"line":17,"column":23}},"loc":{"start":{"line":17,"column":30},"end":{"line":54,"column":5}},"line":17},"2":{"name":"(anonymous_2)","decl":{"start":{"line":21,"column":29},"end":{"line":21,"column":30}},"loc":{"start":{"line":21,"column":37},"end":{"line":42,"column":9}},"line":21},"3":{"name":"(anonymous_3)","decl":{"start":{"line":72,"column":32},"end":{"line":72,"column":33}},"loc":{"start":{"line":72,"column":71},"end":{"line":89,"column":1}},"line":72},"4":{"name":"(anonymous_4)","decl":{"start":{"line":74,"column":18},"end":{"line":74,"column":19}},"loc":{"start":{"line":74,"column":35},"end":{"line":87,"column":3}},"line":74}},"branchMap":{"0":{"loc":{"start":{"line":12,"column":2},"end":{"line":55,"column":3}},"type":"if","locations":[{"start":{"line":12,"column":2},"end":{"line":55,"column":3}},{"start":{"line":15,"column":9},"end":{"line":55,"column":3}}],"line":12},"1":{"loc":{"start":{"line":19,"column":6},"end":{"line":52,"column":7}},"type":"if","locations":[{"start":{"line":19,"column":6},"end":{"line":52,"column":7}},{"start":{"line":44,"column":13},"end":{"line":52,"column":7}}],"line":19},"2":{"loc":{"start":{"line":22,"column":10},"end":{"line":24,"column":11}},"type":"if","locations":[{"start":{"line":22,"column":10},"end":{"line":24,"column":11}},{"start":{},"end":{}}],"line":22},"3":{"loc":{"start":{"line":28,"column":10},"end":{"line":30,"column":11}},"type":"if","locations":[{"start":{"line":28,"column":10},"end":{"line":30,"column":11}},{"start":{},"end":{}}],"line":28},"4":{"loc":{"start":{"line":32,"column":10},"end":{"line":36,"column":11}},"type":"if","locations":[{"start":{"line":32,"column":10},"end":{"line":36,"column":11}},{"start":{"line":34,"column":17},"end":{"line":36,"column":11}}],"line":32},"5":{"loc":{"start":{"line":37,"column":10},"end":{"line":41,"column":11}},"type":"if","locations":[{"start":{"line":37,"column":10},"end":{"line":41,"column":11}},{"start":{"line":39,"column":17},"end":{"line":41,"column":11}}],"line":37},"6":{"loc":{"start":{"line":46,"column":8},"end":{"line":51,"column":9}},"type":"if","locations":[{"start":{"line":46,"column":8},"end":{"line":51,"column":9}},{"start":{},"end":{}}],"line":46},"7":{"loc":{"start":{"line":57,"column":50},"end":{"line":57,"column":76}},"type":"cond-expr","locations":[{"start":{"line":57,"column":67},"end":{"line":57,"column":71}},{"start":{"line":57,"column":74},"end":{"line":57,"column":76}}],"line":57},"8":{"loc":{"start":{"line":72,"column":40},"end":{"line":72,"column":51}},"type":"default-arg","locations":[{"start":{"line":72,"column":49},"end":{"line":72,"column":51}}],"line":72},"9":{"loc":{"start":{"line":72,"column":53},"end":{"line":72,"column":66}},"type":"default-arg","locations":[{"start":{"line":72,"column":64},"end":{"line":72,"column":66}}],"line":72},"10":{"loc":{"start":{"line":75,"column":4},"end":{"line":86,"column":5}},"type":"if","locations":[{"start":{"line":75,"column":4},"end":{"line":86,"column":5}},{"start":{"line":84,"column":11},"end":{"line":86,"column":5}}],"line":75},"11":{"loc":{"start":{"line":77,"column":6},"end":{"line":83,"column":7}},"type":"if","locations":[{"start":{"line":77,"column":6},"end":{"line":83,"column":7}},{"start":{"line":79,"column":13},"end":{"line":83,"column":7}}],"line":77},"12":{"loc":{"start":{"line":79,"column":13},"end":{"line":83,"column":7}},"type":"if","locations":[{"start":{"line":79,"column":13},"end":{"line":83,"column":7}},{"start":{"line":81,"column":13},"end":{"line":83,"column":7}}],"line":79}},"s":{"0":2,"1":17,"2":17,"3":17,"4":6,"5":6,"6":11,"7":11,"8":4,"9":4,"10":1,"11":1,"12":6,"13":1,"14":5,"15":5,"16":5,"17":5,"18":2,"19":5,"20":1,"21":4,"22":5,"23":1,"24":4,"25":1,"26":3,"27":3,"28":1,"29":1,"30":1,"31":1,"32":4,"33":11,"34":11,"35":11,"36":2,"37":20,"38":20,"39":19,"40":4,"41":4,"42":1,"43":3,"44":2,"45":1,"46":15,"47":20},"f":{"0":17,"1":4,"2":6,"3":20,"4":19},"b":{"0":[6,11],"1":[1,3],"2":[1,5],"3":[2,3],"4":[1,4],"5":[1,4],"6":[1,2],"7":[1,10],"8":[6],"9":[9],"10":[4,15],"11":[1,3],"12":[2,1]},"_coverageSchema":"1a1c01bbd47fc00a2c39e90264f33305004495a9","hash":"ff9bb30e1ca0529a29e5686a1bf9bf66e6847edc"}
}
