TN:
SF:__test__\testData\html.data.js
FNF:0
FNH:0
LF:0
LH:0
BRF:0
BRH:0
end_of_record
TN:
SF:__test__\testData\props.data.js
FN:9,(anonymous_0)
FN:12,(anonymous_1)
FN:15,(anonymous_2)
FNF:3
FNH:3
FNDA:2,(anonymous_0)
FNDA:1,(anonymous_1)
FNDA:1,(anonymous_2)
DA:9,2
DA:12,1
DA:15,1
LF:3
LH:3
BRF:0
BRH:0
end_of_record
TN:
SF:lib\transformToHtmlElement.js
FN:7,(anonymous_0)
FN:9,(anonymous_1)
FNF:2
FNH:2
FNDA:11,(anonymous_0)
FNDA:4,(anonymous_1)
DA:8,11
DA:9,11
DA:10,4
DA:11,4
DA:13,11
DA:14,11
DA:15,11
LF:7
LH:7
BRDA:7,0,0,9
BRDA:8,1,0,11
BRDA:8,1,1,9
BRF:3
BRH:3
end_of_record
TN:
SF:lib\transformToReactElement.js
FN:9,(anonymous_0)
FN:17,(anonymous_1)
FN:21,(anonymous_2)
FN:72,(anonymous_3)
FN:74,(anonymous_4)
FNF:5
FNH:5
FNDA:17,(anonymous_0)
FNDA:4,(anonymous_1)
FNDA:6,(anonymous_2)
FNDA:20,(anonymous_3)
FNDA:19,(anonymous_4)
DA:9,2
DA:10,17
DA:11,17
DA:12,17
DA:13,6
DA:14,6
DA:16,11
DA:17,11
DA:18,4
DA:19,4
DA:20,1
DA:21,1
DA:22,6
DA:23,1
DA:25,5
DA:26,5
DA:27,5
DA:28,5
DA:29,2
DA:32,5
DA:33,1
DA:35,4
DA:37,5
DA:38,1
DA:40,4
DA:43,1
DA:45,3
DA:46,3
DA:47,1
DA:48,1
DA:49,1
DA:50,1
DA:53,4
DA:56,11
DA:57,11
DA:58,11
DA:72,2
DA:73,20
DA:74,20
DA:75,19
DA:76,4
DA:77,4
DA:78,1
DA:79,3
DA:80,2
DA:82,1
DA:85,15
DA:88,20
LF:48
LH:48
BRDA:12,0,0,6
BRDA:12,0,1,11
BRDA:19,1,0,1
BRDA:19,1,1,3
BRDA:22,2,0,1
BRDA:22,2,1,5
BRDA:28,3,0,2
BRDA:28,3,1,3
BRDA:32,4,0,1
BRDA:32,4,1,4
BRDA:37,5,0,1
BRDA:37,5,1,4
BRDA:46,6,0,1
BRDA:46,6,1,2
BRDA:57,7,0,1
BRDA:57,7,1,10
BRDA:72,8,0,6
BRDA:72,9,0,9
BRDA:75,10,0,4
BRDA:75,10,1,15
BRDA:77,11,0,1
BRDA:77,11,1,3
BRDA:79,12,0,2
BRDA:79,12,1,1
BRF:24
BRH:24
end_of_record
